Thu Jun 08 2023 1:5:48 [HUC] info: 🛢   Database is connected successfully
Thu Jun 08 2023 1:5:48 [HUC] info: Application  listening on port 5000
Thu Jun 08 2023 1:5:50 [HUC] info: {
  id: '00013',
  role: 'student',
  password: 'university1234',
  _id: new ObjectId("6480d50e8ef94246ba0698be"),
  createdAt: 2023-06-07T19:05:50.259Z,
  updatedAt: 2023-06-07T19:05:50.259Z,
  __v: 0
}
Thu Jun 08 2023 1:6:4 [HUC] info: {
  id: '00014',
  role: 'student',
  password: 'university1234',
  _id: new ObjectId("6480d51c8ef94246ba0698c1"),
  createdAt: 2023-06-07T19:06:04.210Z,
  updatedAt: 2023-06-07T19:06:04.210Z,
  __v: 0
}
Thu Jun 08 2023 1:6:50 [HUC] info: 🛢   Database is connected successfully
Thu Jun 08 2023 1:6:51 [HUC] info: Application  listening on port 5000
Thu Jun 08 2023 1:11:40 [HUC] info: 🛢   Database is connected successfully
Thu Jun 08 2023 1:11:40 [HUC] info: Application  listening on port 5000
