Fri Jun 16 2023 16:19:43 [HUC] info: 🛢   Database is connected successfully
Fri Jun 16 2023 16:19:43 [HUC] info: Application  listening on port 5000
Fri Jun 16 2023 16:20:20 [HUC] info: 🛢   Database is connected successfully
Fri Jun 16 2023 16:20:20 [HUC] info: Application  listening on port 5000
Fri Jun 16 2023 16:20:47 [HUC] info: 🛢   Database is connected successfully
Fri Jun 16 2023 16:20:47 [HUC] info: Application  listening on port 5000
Fri Jun 16 2023 16:20:54 [HUC] info: 🛢   Database is connected successfully
Fri Jun 16 2023 16:20:54 [HUC] info: Application  listening on port 5000
Fri Jun 16 2023 16:20:59 [HUC] info: 🛢   Database is connected successfully
Fri Jun 16 2023 16:20:59 [HUC] info: Application  listening on port 5000
Fri Jun 16 2023 16:23:10 [HUC] info: 🛢   Database is connected successfully
Fri Jun 16 2023 16:23:10 [HUC] info: Application  listening on port 5000
Fri Jun 16 2023 16:23:14 [HUC] info: {
  id: '240100001',
  role: 'student',
  password: 'university1234',
  _id: new ObjectId("648c3812aa10641181863dea"),
  createdAt: 2023-06-16T10:23:14.273Z,
  updatedAt: 2023-06-16T10:23:14.273Z,
  __v: 0
}
Fri Jun 16 2023 16:23:25 [HUC] info: {
  id: '2401240100002',
  role: 'student',
  password: 'university1234',
  _id: new ObjectId("648c381caa10641181863ded"),
  createdAt: 2023-06-16T10:23:24.773Z,
  updatedAt: 2023-06-16T10:23:24.773Z,
  __v: 0
}
Fri Jun 16 2023 16:23:57 [HUC] info: {
  id: '24012401240100003',
  role: 'student',
  password: 'university1234',
  _id: new ObjectId("648c383daa10641181863df0"),
  createdAt: 2023-06-16T10:23:57.234Z,
  updatedAt: 2023-06-16T10:23:57.234Z,
  __v: 0
}
Fri Jun 16 2023 16:29:9 [HUC] info: 🛢   Database is connected successfully
Fri Jun 16 2023 16:29:9 [HUC] info: Application  listening on port 5000
Fri Jun 16 2023 16:29:39 [HUC] info: {
  id: '2401240100002',
  role: 'student',
  password: 'university1234',
  _id: new ObjectId("648c3992205e1301fb0dcad8"),
  createdAt: 2023-06-16T10:29:38.315Z,
  updatedAt: 2023-06-16T10:29:38.315Z,
  __v: 0
}
Fri Jun 16 2023 16:30:22 [HUC] info: {
  id: '240100001',
  role: 'student',
  password: 'university1234',
  _id: new ObjectId("648c39bd205e1301fb0dcadb"),
  createdAt: 2023-06-16T10:30:21.774Z,
  updatedAt: 2023-06-16T10:30:21.774Z,
  __v: 0
}
Fri Jun 16 2023 16:30:26 [HUC] info: {
  id: '2401240100002',
  role: 'student',
  password: 'university1234',
  _id: new ObjectId("648c39c2205e1301fb0dcade"),
  createdAt: 2023-06-16T10:30:26.580Z,
  updatedAt: 2023-06-16T10:30:26.580Z,
  __v: 0
}
Fri Jun 16 2023 16:31:12 [HUC] info: 🛢   Database is connected successfully
Fri Jun 16 2023 16:31:12 [HUC] info: Application  listening on port 5000
Fri Jun 16 2023 16:31:35 [HUC] info: 🛢   Database is connected successfully
Fri Jun 16 2023 16:31:36 [HUC] info: Application  listening on port 5000
Fri Jun 16 2023 16:32:0 [HUC] info: {
  id: '24012401240100003',
  role: 'student',
  password: 'university1234',
  _id: new ObjectId("648c3a1f562519f2a9fbc4ca"),
  createdAt: 2023-06-16T10:31:59.805Z,
  updatedAt: 2023-06-16T10:31:59.805Z,
  __v: 0
}
Fri Jun 16 2023 16:32:32 [HUC] info: 🛢   Database is connected successfully
Fri Jun 16 2023 16:32:32 [HUC] info: Application  listening on port 5000
Fri Jun 16 2023 16:32:56 [HUC] info: {
  id: '240100001',
  role: 'student',
  password: 'university1234',
  _id: new ObjectId("648c3a57b6d3ac4563365f70"),
  createdAt: 2023-06-16T10:32:55.812Z,
  updatedAt: 2023-06-16T10:32:55.812Z,
  __v: 0
}
Fri Jun 16 2023 16:33:10 [HUC] info: {
  id: '240100002',
  role: 'student',
  password: 'university1234',
  _id: new ObjectId("648c3a66b6d3ac4563365f73"),
  createdAt: 2023-06-16T10:33:10.013Z,
  updatedAt: 2023-06-16T10:33:10.013Z,
  __v: 0
}
Fri Jun 16 2023 16:33:13 [HUC] info: {
  id: '240100003',
  role: 'student',
  password: 'university1234',
  _id: new ObjectId("648c3a68b6d3ac4563365f76"),
  createdAt: 2023-06-16T10:33:12.918Z,
  updatedAt: 2023-06-16T10:33:12.918Z,
  __v: 0
}
Fri Jun 16 2023 16:39:38 [HUC] info: 🛢   Database is connected successfully
Fri Jun 16 2023 16:39:38 [HUC] info: Application  listening on port 5000
Fri Jun 16 2023 16:40:5 [HUC] info: 🛢   Database is connected successfully
Fri Jun 16 2023 16:40:5 [HUC] info: Application  listening on port 5000
Fri Jun 16 2023 16:40:10 [HUC] info: 🛢   Database is connected successfully
Fri Jun 16 2023 16:40:10 [HUC] info: Application  listening on port 5000
Fri Jun 16 2023 16:40:29 [HUC] info: {
  id: '240100004',
  role: 'faculty',
  password: 'university1234',
  _id: new ObjectId("648c3c1c67ce5c5dc643bf54"),
  createdAt: 2023-06-16T10:40:28.822Z,
  updatedAt: 2023-06-16T10:40:28.822Z,
  __v: 0
}
Fri Jun 16 2023 16:41:10 [HUC] info: {
  id: '240100004',
  role: 'faculty',
  password: 'university1234',
  _id: new ObjectId("648c3c4667ce5c5dc643bf57"),
  createdAt: 2023-06-16T10:41:10.702Z,
  updatedAt: 2023-06-16T10:41:10.702Z,
  __v: 0
}
Fri Jun 16 2023 16:41:38 [HUC] info: 🛢   Database is connected successfully
Fri Jun 16 2023 16:41:38 [HUC] info: Application  listening on port 5000
Fri Jun 16 2023 16:41:41 [HUC] info: {
  id: 'F-00002',
  role: 'faculty',
  password: 'university1234',
  _id: new ObjectId("648c3c644784c6079aa1ef2a"),
  createdAt: 2023-06-16T10:41:40.131Z,
  updatedAt: 2023-06-16T10:41:40.131Z,
  __v: 0
}
