Mon Jun 05 2023 22:22:36 [HUC] info: Database connected successfully
Mon Jun 05 2023 22:22:36 [HUC] info: Application app listening on port 5000
Mon Jun 05 2023 22:23:44 [HUC] info: {
  id: '00009',
  role: 'student',
  password: 'university1234',
  _id: new ObjectId("647e0c0fa48f37af8ddfde35"),
  createdAt: 2023-06-05T16:23:43.732Z,
  updatedAt: 2023-06-05T16:23:43.732Z,
  __v: 0
}
Mon Jun 05 2023 22:26:18 [HUC] info: Database connected successfully
Mon Jun 05 2023 22:26:18 [HUC] info: Application app listening on port 5000
Mon Jun 05 2023 22:26:26 [HUC] info: Database connected successfully
Mon Jun 05 2023 22:26:26 [HUC] info: Application app listening on port 5000
Mon Jun 05 2023 22:26:41 [HUC] info: Database connected successfully
Mon Jun 05 2023 22:26:41 [HUC] info: Application app listening on port 5000
Mon Jun 05 2023 22:26:52 [HUC] info: Database connected successfully
Mon Jun 05 2023 22:26:52 [HUC] info: Application app listening on port 5000
Mon Jun 05 2023 22:27:2 [HUC] info: Database connected successfully
Mon Jun 05 2023 22:27:2 [HUC] info: Application app listening on port 5000
Mon Jun 05 2023 22:27:14 [HUC] info: Database connected successfully
Mon Jun 05 2023 22:27:14 [HUC] info: Application app listening on port 5000
Mon Jun 05 2023 22:27:27 [HUC] info: Database connected successfully
Mon Jun 05 2023 22:27:27 [HUC] info: Application app listening on port 5000
Mon Jun 05 2023 22:28:24 [HUC] info: Database connected successfully
Mon Jun 05 2023 22:28:24 [HUC] info: Application app listening on port 5000
Mon Jun 05 2023 22:31:28 [HUC] info: Database connected successfully
Mon Jun 05 2023 22:31:28 [HUC] info: Application app listening on port 5000
Mon Jun 05 2023 22:31:36 [HUC] info: Database connected successfully
Mon Jun 05 2023 22:31:36 [HUC] info: Application app listening on port 5000
Mon Jun 05 2023 22:31:51 [HUC] info: Database connected successfully
Mon Jun 05 2023 22:31:51 [HUC] info: Application app listening on port 5000
Mon Jun 05 2023 22:33:14 [HUC] info: Database connected successfully
Mon Jun 05 2023 22:33:14 [HUC] info: Application app listening on port 5000
Mon Jun 05 2023 22:33:26 [HUC] info: Database connected successfully
Mon Jun 05 2023 22:33:26 [HUC] info: Application app listening on port 5000
Mon Jun 05 2023 22:34:34 [HUC] info: Database connected successfully
Mon Jun 05 2023 22:34:34 [HUC] info: Application app listening on port 5000
